# JRE version: OpenJDK Runtime Environment (17.0.20.1+1) (build 17.0.20.1+1-1-26.04-Ubuntu)
# Java VM: OpenJDK 64-Bit Server VM (17.0.20.1+1-1-26.04-Ubuntu, mixed mode, sharing, tiered, compressed oops, compressed class ptrs, g1 gc, linux-amd64)
GC Precious Log:
 CPUs: 8 total, 8 available
 Memory: 15269M
 Large Page Support: Disabled
 NUMA Support: Disabled
 Compressed Oops: Enabled (Zero based)
 Heap Region Size: 2M
 Heap Min Capacity: 8M
 Heap Initial Capacity: 240M
 Heap Max Capacity: 3818M
 Pre-touch: Disabled
 Parallel Workers: 8
 Concurrent Workers: 2
 Concurrent Refinement Workers: 8
 Periodic GC: Disabled
Heap:
 garbage-first heap   total 192512K, used 49077K [0x0000000711600000, 0x0000000800000000)
  region size 2048K, 4 young (8192K), 3 survivors (6144K)
 Metaspace       used 100562K, committed 101504K, reserved 1179648K
  class space    used 13915K, committed 14336K, reserved 1048576K
GC Heap History (20 events):
Event: 3.872 GC heap before
{Heap before GC invocations=17 (full 0):
 garbage-first heap   total 157696K, used 61641K [0x0000000711600000, 0x0000000800000000)
  region size 2048K, 22 young (45056K), 3 survivors (6144K)
 Metaspace       used 59912K, committed 60608K, reserved 1114112K
  class space    used 8102K, committed 8448K, reserved 1048576K
}
Event: 3.875 GC heap after
{Heap after GC invocations=18 (full 0):
 garbage-first heap   total 157696K, used 25870K [0x0000000711600000, 0x0000000800000000)
  region size 2048K, 4 young (8192K), 4 survivors (8192K)
 Metaspace       used 59912K, committed 60608K, reserved 1114112K
  class space    used 8102K, committed 8448K, reserved 1048576K
}
Event: 4.178 GC heap before
{Heap before GC invocations=19 (full 0):
 garbage-first heap   total 116736K, used 91406K [0x0000000711600000, 0x0000000800000000)
  region size 2048K, 36 young (73728K), 4 survivors (8192K)
 Metaspace       used 66962K, committed 67712K, reserved 1114112K
  class space    used 9232K, committed 9600K, reserved 1048576K
}
Event: 4.182 GC heap after
{Heap after GC invocations=20 (full 0):
 garbage-first heap   total 116736K, used 26803K [0x0000000711600000, 0x0000000800000000)
  region size 2048K, 4 young (8192K), 4 survivors (8192K)
 Metaspace       used 66962K, committed 67712K, reserved 1114112K
  class space    used 9232K, committed 9600K, reserved 1048576K
}
Event: 4.193 GC heap before
{Heap before GC invocations=20 (full 0):
 garbage-first heap   total 116736K, used 28851K [0x0000000711600000, 0x0000000800000000)
  region size 2048K, 5 young (10240K), 4 survivors (8192K)
 Metaspace       used 67066K, committed 67776K, reserved 1114112K
  class space    used 9249K, committed 9600K, reserved 1048576K
}
Event: 4.196 GC heap after
{Heap after GC invocations=21 (full 0):
 garbage-first heap   total 116736K, used 26976K [0x0000000711600000, 0x0000000800000000)
  region size 2048K, 1 young (2048K), 1 survivors (2048K)
 Metaspace       used 67066K, committed 67776K, reserved 1114112K
  class space    used 9249K, committed 9600K, reserved 1048576K
}
Event: 4.500 GC heap before
{Heap before GC invocations=21 (full 0):
 garbage-first heap   total 116736K, used 94560K [0x0000000711600000, 0x0000000800000000)
  region size 2048K, 34 young (69632K), 1 survivors (2048K)
 Metaspace       used 72713K, committed 73472K, reserved 1114112K
  class space    used 10103K, committed 10432K, reserved 1048576K
}
Event: 4.501 GC heap after
{Heap after GC invocations=22 (full 0):
 garbage-first heap   total 116736K, used 27203K [0x0000000711600000, 0x0000000800000000)
  region size 2048K, 1 young (2048K), 1 survivors (2048K)
 Metaspace       used 72713K, committed 73472K, reserved 1114112K
  class space    used 10103K, committed 10432K, reserved 1048576K
}
Event: 4.846 GC heap before
{Heap before GC invocations=22 (full 0):
 garbage-first heap   total 116736K, used 94787K [0x0000000711600000, 0x0000000800000000)
  region size 2048K, 34 young (69632K), 1 survivors (2048K)
 Metaspace       used 78679K, committed 79488K, reserved 1179648K
  class space    used 11088K, committed 11456K, reserved 1048576K
}
Event: 4.850 GC heap after
{Heap after GC invocations=23 (full 0):
 garbage-first heap   total 116736K, used 30597K [0x0000000711600000, 0x0000000800000000)
  region size 2048K, 3 young (6144K), 3 survivors (6144K)
 Metaspace       used 78679K, committed 79488K, reserved 1179648K
  class space    used 11088K, committed 11456K, reserved 1048576K
}
Event: 5.017 GC heap before
{Heap before GC invocations=23 (full 0):
 garbage-first heap   total 116736K, used 94085K [0x0000000711600000, 0x0000000800000000)
  region size 2048K, 34 young (69632K), 3 survivors (6144K)
 Metaspace       used 78770K, committed 79552K, reserved 1179648K
  class space    used 11088K, committed 11456K, reserved 1048576K
}
Event: 5.022 GC heap after
{Heap after GC invocations=24 (full 0):
 garbage-first heap   total 192512K, used 36148K [0x0000000711600000, 0x0000000800000000)
  region size 2048K, 5 young (10240K), 5 survivors (10240K)
 Metaspace       used 78770K, committed 79552K, reserved 1179648K
  class space    used 11088K, committed 11456K, reserved 1048576K
}
Event: 5.365 GC heap before
{Heap before GC invocations=24 (full 0):
 garbage-first heap   total 192512K, used 140596K [0x0000000711600000, 0x0000000800000000)
  region size 2048K, 56 young (114688K), 5 survivors (10240K)
 Metaspace       used 83279K, committed 84032K, reserved 1179648K
  class space    used 11908K, committed 12288K, reserved 1048576K
}
Event: 5.370 GC heap after
{Heap after GC invocations=25 (full 0):
 garbage-first heap   total 192512K, used 40031K [0x0000000711600000, 0x0000000800000000)
  region size 2048K, 5 young (10240K), 5 survivors (10240K)
 Metaspace       used 83279K, committed 84032K, reserved 1179648K
  class space    used 11908K, committed 12288K, reserved 1048576K
}
Event: 5.896 GC heap before
{Heap before GC invocations=25 (full 0):
 garbage-first heap   total 192512K, used 144479K [0x0000000711600000, 0x0000000800000000)
  region size 2048K, 56 young (114688K), 5 survivors (10240K)
 Metaspace       used 87077K, committed 87936K, reserved 1179648K
  class space    used 12360K, committed 12800K, reserved 1048576K
}
Event: 5.903 GC heap after
{Heap after GC invocations=26 (full 0):
 garbage-first heap   total 192512K, used 43893K [0x0000000711600000, 0x0000000800000000)
  region size 2048K, 4 young (8192K), 4 survivors (8192K)
 Metaspace       used 87077K, committed 87936K, reserved 1179648K
  class space    used 12360K, committed 12800K, reserved 1048576K
}
Event: 12.194 GC heap before
{Heap before GC invocations=26 (full 0):
 garbage-first heap   total 192512K, used 150389K [0x0000000711600000, 0x0000000800000000)
  region size 2048K, 56 young (114688K), 4 survivors (8192K)
 Metaspace       used 98141K, committed 99072K, reserved 1179648K
  class space    used 13771K, committed 14208K, reserved 1048576K
}
Event: 12.200 GC heap after
{Heap after GC invocations=27 (full 0):
 garbage-first heap   total 192512K, used 48377K [0x0000000711600000, 0x0000000800000000)
  region size 2048K, 6 young (12288K), 6 survivors (12288K)
 Metaspace       used 98141K, committed 99072K, reserved 1179648K
  class space    used 13771K, committed 14208K, reserved 1048576K
}
Event: 16.924 GC heap before
{Heap before GC invocations=27 (full 0):
 garbage-first heap   total 192512K, used 77049K [0x0000000711600000, 0x0000000800000000)
  region size 2048K, 22 young (45056K), 6 survivors (12288K)
 Metaspace       used 100556K, committed 101440K, reserved 1179648K
  class space    used 13915K, committed 14336K, reserved 1048576K
}
Event: 16.930 GC heap after
{Heap after GC invocations=28 (full 0):
 garbage-first heap   total 192512K, used 49077K [0x0000000711600000, 0x0000000800000000)
  region size 2048K, 3 young (6144K), 3 survivors (6144K)
 Metaspace       used 100556K, committed 101440K, reserved 1179648K
  class space    used 13915K, committed 14336K, reserved 1048576K
}

